Loaded scans: 1087
Dataset: lab_run_2
Scan variant: raw
Scan file: /home/kaushik/Antigravity/slam_ws_AG/datasets/lab_run_2/scans.carmen
Dataset geometry: beams=909 angle_min=-3.141593 angle_max=3.141593 angle_inc=0.006920 range=[0.100, 16.000] has_odom=False
IMU file: /home/kaushik/Antigravity/slam_ws_AG/datasets/lab_run_2/imu.csv
Runner: Hector
Matcher_type scan_to_submap
MotionFilter thresholds: time=0.100s dist=0.100m angle=4.50deg
motion: matcher=scan_to_submap dtrans=0.000 drot_deg=0.000 dtime=0.000 do_insert=True did_insert=True
preprocess: raw=639 fixed=272 adaptive=205
k=0 FALLBACK pose=(0.00,0.00,0.00) score=-1.000 d=None inl=None
motion: matcher=scan_to_submap dtrans=0.001 drot_deg=0.000 dtime=0.098 do_insert=False did_insert=False
preprocess: raw=644 fixed=286 adaptive=204
k=50 MATCH pose=(-0.14,-0.11,0.00) score=0.979 d=(0.003,0.002,-0.000) inl=175
motion: matcher=scan_to_submap dtrans=0.001 drot_deg=0.068 dtime=0.208 do_insert=True did_insert=True
preprocess: raw=644 fixed=287 adaptive=204
k=100 MATCH pose=(-0.20,-0.15,0.00) score=0.981 d=(-0.001,0.005,0.000) inl=175
motion: matcher=scan_to_submap dtrans=0.000 drot_deg=0.009 dtime=0.108 do_insert=True did_insert=True
preprocess: raw=637 fixed=278 adaptive=202
k=150 MATCH pose=(-0.22,-0.18,-0.00) score=0.971 d=(-0.004,-0.005,-0.001) inl=175
motion: matcher=scan_to_submap dtrans=0.038 drot_deg=0.424 dtime=0.104 do_insert=True did_insert=True
preprocess: raw=630 fixed=413 adaptive=204
k=200 MATCH pose=(1.47,-0.15,0.06) score=0.829 d=(0.003,-0.003,0.012) inl=175
motion: matcher=scan_to_submap dtrans=0.041 drot_deg=2.719 dtime=0.107 do_insert=True did_insert=True
preprocess: raw=501 fixed=404 adaptive=204
k=250 MATCH pose=(2.76,-1.09,-0.78) score=0.768 d=(0.016,0.022,-0.005) inl=176
motion: matcher=scan_to_submap dtrans=0.040 drot_deg=1.436 dtime=0.096 do_insert=False did_insert=False
preprocess: raw=467 fixed=374 adaptive=205
k=300 MATCH pose=(4.61,-0.98,0.28) score=0.800 d=(-0.009,0.013,-0.002) inl=181
motion: matcher=scan_to_submap dtrans=0.045 drot_deg=0.448 dtime=0.103 do_insert=True did_insert=True
preprocess: raw=582 fixed=411 adaptive=200
k=350 MATCH pose=(4.95,0.96,1.60) score=0.776 d=(-0.001,0.006,-0.004) inl=180
motion: matcher=scan_to_submap dtrans=0.077 drot_deg=4.100 dtime=0.203 do_insert=True did_insert=True
preprocess: raw=586 fixed=398 adaptive=210
k=400 MATCH pose=(6.90,1.28,0.16) score=0.797 d=(-0.005,0.014,-0.002) inl=206
motion: matcher=scan_to_submap dtrans=0.047 drot_deg=1.515 dtime=0.105 do_insert=True did_insert=True
preprocess: raw=530 fixed=329 adaptive=204
k=450 MATCH pose=(8.51,0.33,-1.74) score=0.851 d=(0.007,0.005,-0.000) inl=204
motion: matcher=scan_to_submap dtrans=0.046 drot_deg=2.000 dtime=0.100 do_insert=True did_insert=True
preprocess: raw=509 fixed=387 adaptive=217
k=500 MATCH pose=(6.80,-0.89,-2.64) score=0.745 d=(-0.027,-0.013,0.001) inl=201
motion: matcher=scan_to_submap dtrans=0.033 drot_deg=4.755 dtime=0.097 do_insert=True did_insert=True
preprocess: raw=375 fixed=225 adaptive=209
k=550 MATCH pose=(6.05,-2.45,3.13) score=0.795 d=(0.001,-0.001,0.008) inl=205
motion: matcher=scan_to_submap dtrans=0.049 drot_deg=0.961 dtime=0.110 do_insert=True did_insert=True
preprocess: raw=481 fixed=403 adaptive=204
k=600 MATCH pose=(5.63,-0.66,1.22) score=0.874 d=(-0.011,-0.006,-0.001) inl=204
motion: matcher=scan_to_submap dtrans=0.033 drot_deg=3.250 dtime=0.102 do_insert=True did_insert=True
preprocess: raw=538 fixed=379 adaptive=210
k=650 MATCH pose=(6.37,1.07,0.23) score=0.822 d=(-0.004,-0.017,0.002) inl=210
motion: matcher=scan_to_submap dtrans=0.085 drot_deg=3.810 dtime=0.207 do_insert=True did_insert=True
preprocess: raw=531 fixed=369 adaptive=203
k=700 MATCH pose=(7.86,-0.03,-1.82) score=0.739 d=(-0.002,0.016,-0.004) inl=203
motion: matcher=scan_to_submap dtrans=0.052 drot_deg=0.420 dtime=0.102 do_insert=True did_insert=True
preprocess: raw=506 fixed=402 adaptive=200
k=750 MATCH pose=(5.86,-1.00,-3.07) score=0.740 d=(-0.004,0.006,-0.012) inl=200
motion: matcher=scan_to_submap dtrans=0.056 drot_deg=0.973 dtime=0.112 do_insert=True did_insert=True
preprocess: raw=546 fixed=414 adaptive=209
k=800 MATCH pose=(3.27,-1.24,3.11) score=0.794 d=(-0.007,-0.005,-0.002) inl=194
motion: matcher=scan_to_submap dtrans=0.044 drot_deg=0.224 dtime=0.103 do_insert=True did_insert=True
preprocess: raw=549 fixed=355 adaptive=204
k=850 MATCH pose=(2.00,-0.02,1.71) score=0.853 d=(0.004,0.000,-0.004) inl=194
motion: matcher=scan_to_submap dtrans=0.033 drot_deg=1.026 dtime=0.101 do_insert=True did_insert=True
preprocess: raw=583 fixed=360 adaptive=203
k=900 MATCH pose=(0.82,-0.04,-2.58) score=0.871 d=(0.002,0.010,0.000) inl=185
motion: matcher=scan_to_submap dtrans=0.003 drot_deg=0.003 dtime=0.104 do_insert=True did_insert=True
preprocess: raw=638 fixed=256 adaptive=202
k=950 MATCH pose=(-0.26,-0.29,3.14) score=0.954 d=(0.001,0.004,-0.001) inl=178
motion: matcher=scan_to_submap dtrans=0.005 drot_deg=0.149 dtime=0.201 do_insert=True did_insert=True
preprocess: raw=637 fixed=247 adaptive=202
k=1000 MATCH pose=(-0.25,-0.17,3.14) score=0.979 d=(-0.000,0.003,0.003) inl=167
motion: matcher=scan_to_submap dtrans=0.001 drot_deg=0.004 dtime=0.111 do_insert=True did_insert=True
preprocess: raw=637 fixed=257 adaptive=202
k=1050 MATCH pose=(-0.19,-0.11,3.14) score=0.964 d=(-0.005,-0.005,-0.002) inl=170
Wrote: hector_outputs/trajectory_lab_run_2_raw_scan_to_submap_1087.txt
Wrote: hector_outputs/trajectory_lab_run_2_raw_scan_to_submap_1087_debug.txt
