============================================================
Dataset      : lab_run_2
Scan variant : raw
Scan file    : /home/kaushik/slam_ws/datasets/lab_run_2/scans.carmen
Geometry     : beams=909  angle=[-180.0°, 180.0°]  range=[0.10, 16.00] m  has_odom=False
IMU file     : /home/kaushik/slam_ws/datasets/lab_run_2/imu.csv
Total scans  : 1052
Matcher      : scan_to_submap
Extrapolator : OFF (raw odom / last pose)
Odom alpha   : 0.0
Voxel filter : True
============================================================
MotionFilter thresholds:  time=0.100s  dist=0.100m  angle=4.50deg
  ┌─── SUBMAP #0 CREATED at scan k=0  (pose=(0.00,0.00,0.00))  active=2  finished=0
  ┌─── SUBMAP #1 CREATED at scan k=0  (pose=(0.00,0.00,0.00))  active=2  finished=0
k=    0 FALLBACK  pose=(0.00,0.00,0.0°)  score=-1.000  d=None  inl=None  raw=656  pts=201  di=1
k=   10 MATCH     pose=(-0.10,-0.07,0.1°)  score=0.936  d=(-0.000,-0.004,0.001)  inl=193  raw=670  pts=201  di=1
k=   20 MATCH     pose=(-0.12,-0.09,0.1°)  score=0.961  d=(-0.003,-0.004,0.000)  inl=195  raw=664  pts=200  di=1
k=   30 MATCH     pose=(-0.14,-0.10,0.1°)  score=0.972  d=(-0.001,0.002,0.000)  inl=196  raw=670  pts=203  di=1
k=   40 MATCH     pose=(-0.15,-0.12,0.0°)  score=0.984  d=(-0.001,-0.000,-0.001)  inl=196  raw=666  pts=202  di=0
k=   50 MATCH     pose=(-0.16,-0.13,0.1°)  score=0.976  d=(-0.002,0.001,-0.001)  inl=195  raw=658  pts=201  di=1
k=   60 MATCH     pose=(-0.17,-0.14,-0.0°)  score=0.969  d=(-0.002,-0.005,0.001)  inl=196  raw=671  pts=202  di=1
k=   70 MATCH     pose=(-0.18,-0.15,0.1°)  score=0.983  d=(0.001,0.000,0.001)  inl=200  raw=660  pts=205  di=1
k=   80 MATCH     pose=(-0.19,-0.16,0.0°)  score=0.977  d=(0.002,-0.000,0.000)  inl=197  raw=665  pts=203  di=0
k=   90 MATCH     pose=(-0.20,-0.18,0.1°)  score=0.983  d=(-0.000,-0.001,-0.001)  inl=196  raw=662  pts=201  di=1
k=  100 MATCH     pose=(-0.21,-0.19,-0.0°)  score=0.976  d=(-0.001,-0.004,0.001)  inl=197  raw=663  pts=204  di=1
k=  110 MATCH     pose=(-0.22,-0.19,0.0°)  score=0.981  d=(0.000,-0.002,-0.001)  inl=196  raw=660  pts=202  di=1
k=  120 MATCH     pose=(-0.23,-0.21,-0.1°)  score=0.971  d=(-0.001,-0.005,-0.002)  inl=201  raw=669  pts=208  di=1
k=  130 MATCH     pose=(-0.08,-0.21,-1.5°)  score=0.887  d=(-0.020,-0.003,-0.006)  inl=196  raw=656  pts=203  di=1
k=  140 MATCH     pose=(0.31,-0.22,-4.0°)  score=0.803  d=(-0.018,-0.005,-0.005)  inl=204  raw=679  pts=206  di=1
k=  150 MATCH     pose=(0.53,-0.25,-5.7°)  score=0.839  d=(0.018,0.002,-0.003)  inl=199  raw=633  pts=206  di=1
k=  160 MATCH     pose=(0.72,-0.27,-7.2°)  score=0.819  d=(-0.022,-0.005,-0.003)  inl=202  raw=634  pts=207  di=1
k=  170 MATCH     pose=(1.01,-0.30,-8.5°)  score=0.842  d=(-0.012,0.003,-0.001)  inl=202  raw=589  pts=205  di=1
k=  180 MATCH     pose=(1.31,-0.36,-10.4°)  score=0.838  d=(-0.018,-0.006,-0.001)  inl=199  raw=597  pts=204  di=1
k=  190 MATCH     pose=(1.62,-0.43,-13.2°)  score=0.766  d=(0.021,-0.013,0.006)  inl=202  raw=603  pts=202  di=1
k=  200 MATCH     pose=(1.80,-0.62,-49.6°)  score=0.750  d=(0.010,-0.019,-0.004)  inl=194  raw=568  pts=206  di=1
k=  210 MATCH     pose=(1.92,-0.87,-68.8°)  score=0.844  d=(0.016,0.016,-0.016)  inl=191  raw=551  pts=208  di=1
k=  220 MATCH     pose=(1.98,-1.23,-80.2°)  score=0.738  d=(0.022,0.026,-0.006)  inl=198  raw=591  pts=207  di=1
k=  230 MATCH     pose=(2.18,-1.50,-48.2°)  score=0.718  d=(-0.022,-0.022,0.016)  inl=193  raw=544  pts=201  di=1
k=  240 MATCH     pose=(2.42,-1.64,-19.9°)  score=0.797  d=(-0.023,-0.007,0.001)  inl=194  raw=489  pts=204  di=1
k=  250 MATCH     pose=(2.72,-1.61,2.2°)  score=0.778  d=(-0.012,0.003,-0.001)  inl=193  raw=517  pts=204  di=1
k=  260 MATCH     pose=(3.12,-1.68,-13.0°)  score=0.727  d=(0.003,0.001,-0.006)  inl=180  raw=543  pts=200  di=1
k=  270 MATCH     pose=(3.52,-1.65,2.0°)  score=0.813  d=(0.000,0.012,-0.006)  inl=193  raw=545  pts=207  di=1
k=  280 MATCH     pose=(3.92,-1.57,8.8°)  score=0.874  d=(-0.001,0.012,-0.003)  inl=186  raw=510  pts=200  di=1
k=  290 MATCH     pose=(4.42,-1.45,13.7°)  score=0.830  d=(-0.010,0.014,0.003)  inl=187  raw=481  pts=203  di=1
k=  300 MATCH     pose=(4.65,-1.24,46.8°)  score=0.787  d=(0.021,0.020,-0.001)  inl=195  raw=518  pts=206  di=1
k=  310 MATCH     pose=(4.71,-1.01,70.9°)  score=0.801  d=(0.004,0.018,0.001)  inl=199  raw=568  pts=207  di=1
k=  320 MATCH     pose=(4.71,-0.69,81.6°)  score=0.808  d=(0.002,0.003,0.008)  inl=211  raw=604  pts=214  di=1
k=  330 MATCH     pose=(4.62,-0.36,99.1°)  score=0.839  d=(-0.012,-0.013,-0.004)  inl=196  raw=575  pts=204  di=0
k=  340 MATCH     pose=(4.52,0.07,96.7°)  score=0.819  d=(0.001,-0.000,-0.001)  inl=189  raw=562  pts=200  di=0
k=  350 MATCH     pose=(4.58,0.44,67.5°)  score=0.791  d=(0.006,-0.022,0.010)  inl=195  raw=591  pts=204  di=1
k=  360 MATCH     pose=(4.82,0.67,27.6°)  score=0.820  d=(-0.003,-0.006,0.009)  inl=197  raw=612  pts=204  di=1
k=  370 MATCH     pose=(5.14,0.70,-0.7°)  score=0.862  d=(-0.007,0.009,0.010)  inl=193  raw=612  pts=203  di=1
k=  380 MATCH     pose=(5.56,0.64,-16.7°)  score=0.802  d=(-0.008,-0.016,-0.001)  inl=210  raw=605  pts=214  di=1
k=  390 MATCH     pose=(6.03,0.59,-6.6°)  score=0.888  d=(-0.005,-0.001,-0.001)  inl=197  raw=595  pts=203  di=1
k=  400 MATCH     pose=(6.50,0.58,0.7°)  score=0.865  d=(0.002,0.000,-0.002)  inl=198  raw=559  pts=202  di=0
k=  410 MATCH     pose=(6.98,0.60,0.3°)  score=0.777  d=(-0.004,0.008,-0.006)  inl=189  raw=550  pts=201  di=1
k=  420 MATCH     pose=(7.50,0.61,-2.0°)  score=0.800  d=(0.008,-0.006,-0.005)  inl=180  raw=559  pts=201  di=1
k=  430 MATCH     pose=(8.01,0.59,-10.2°)  score=0.745  d=(-0.000,-0.014,0.003)  inl=186  raw=557  pts=203  di=1
k=  440 MATCH     pose=(8.30,0.29,-68.9°)  score=0.815  d=(0.002,0.018,0.006)  inl=204  raw=595  pts=204  di=1
k=  450 MATCH     pose=(8.23,-0.09,-114.7°)  score=0.817  d=(-0.023,0.003,0.009)  inl=205  raw=575  pts=208  di=0
k=  460 MATCH     pose=(8.15,-0.51,-102.4°)  score=0.803  d=(-0.010,0.009,0.001)  inl=183  raw=637  pts=202  di=1
k=  470 MATCH     pose=(8.01,-0.96,-114.4°)  score=0.767  d=(0.022,0.014,-0.002)  inl=190  raw=575  pts=212  di=1
k=  480 MATCH     pose=(7.71,-1.23,-150.7°)  score=0.766  d=(0.017,-0.020,0.002)  inl=196  raw=592  pts=211  di=1
k=  490 MATCH     pose=(7.27,-1.46,-161.2°)  score=0.697  d=(0.008,0.008,-0.005)  inl=195  raw=570  pts=201  di=1
k=  500 MATCH     pose=(6.87,-1.42,163.2°)  score=0.756  d=(0.011,0.017,0.001)  inl=196  raw=513  pts=206  di=1
k=  510 MATCH     pose=(6.42,-1.45,-167.5°)  score=0.798  d=(-0.022,-0.009,0.010)  inl=193  raw=531  pts=202  di=1
k=  520 MATCH     pose=(6.15,-1.66,-140.2°)  score=0.721  d=(-0.022,-0.019,-0.004)  inl=192  raw=581  pts=203  di=0
k=  530 MATCH     pose=(6.03,-1.91,-115.4°)  score=0.793  d=(-0.006,-0.019,0.012)  inl=209  raw=560  pts=209  di=1
k=  540 MATCH     pose=(5.90,-2.28,-110.6°)  score=0.815  d=(0.029,0.001,-0.001)  inl=199  raw=390  pts=203  di=1
k=  550 MATCH     pose=(5.77,-2.71,-111.9°)  score=0.766  d=(-0.023,-0.012,-0.008)  inl=202  raw=503  pts=202  di=1
k=  560 MATCH     pose=(5.59,-3.02,-129.7°)  score=0.804  d=(0.009,0.027,0.002)  inl=189  raw=454  pts=189  di=1
  ┌─── SUBMAP #2 CREATED at scan k=566  (pose=(5.40,-3.14,-2.81))  active=2  finished=2
  ┌─── SUBMAP #3 CREATED at scan k=566  (pose=(5.40,-3.14,-2.81))  active=2  finished=2
  └─── SUBMAP #0 FINISHED at scan k=566  (500 scans inserted)  active=2  finished=2
  └─── SUBMAP #1 FINISHED at scan k=566  (500 scans inserted)  active=2  finished=2
k=  570 MATCH     pose=(5.23,-3.18,-170.0°)  score=0.729  d=(0.009,-0.009,-0.006)  inl=195  raw=421  pts=195  di=1
k=  580 MATCH     pose=(4.81,-3.17,158.1°)  score=0.568  d=(-0.015,-0.011,0.004)  inl=197  raw=438  pts=200  di=0
k=  590 MATCH     pose=(4.60,-2.92,108.3°)  score=0.550  d=(-0.024,-0.016,-0.004)  inl=200  raw=529  pts=200  di=1
k=  600 MATCH     pose=(4.57,-2.32,84.9°)  score=0.572  d=(-0.002,-0.003,0.000)  inl=206  raw=549  pts=206  di=1
k=  610 MATCH     pose=(4.85,-1.80,74.7°)  score=0.556  d=(-0.063,-0.034,-0.009)  inl=201  raw=537  pts=202  di=1
k=  620 MATCH     pose=(4.87,-1.33,59.7°)  score=0.586  d=(0.026,-0.028,0.002)  inl=203  raw=572  pts=208  di=1
k=  630 MATCH     pose=(5.00,-0.95,69.5°)  score=0.564  d=(0.021,0.008,0.004)  inl=210  raw=637  pts=219  di=1
k=  640 MATCH     pose=(5.36,-0.70,10.0°)  score=0.623  d=(0.016,-0.004,-0.000)  inl=200  raw=612  pts=205  di=1
k=  650 MATCH     pose=(5.79,-0.63,5.8°)  score=0.614  d=(0.031,0.007,-0.001)  inl=197  raw=491  pts=200  di=1
k=  660 MATCH     pose=(6.31,-0.49,-0.3°)  score=0.630  d=(0.043,-0.000,-0.007)  inl=200  raw=612  pts=203  di=1
k=  670 MATCH     pose=(6.70,-0.65,-32.1°)  score=0.635  d=(-0.019,-0.031,0.011)  inl=201  raw=597  pts=202  di=1
k=  680 MATCH     pose=(6.84,-1.03,-81.5°)  score=0.642  d=(-0.005,0.012,-0.007)  inl=203  raw=508  pts=204  di=1
k=  690 MATCH     pose=(6.81,-1.32,-116.7°)  score=0.641  d=(-0.005,0.001,0.006)  inl=199  raw=502  pts=206  di=1
k=  700 MATCH     pose=(6.45,-1.59,-176.5°)  score=0.724  d=(-0.024,-0.019,-0.011)  inl=200  raw=519  pts=209  di=0
k=  710 MATCH     pose=(5.99,-1.56,172.5°)  score=0.734  d=(-0.005,-0.019,0.004)  inl=206  raw=556  pts=206  di=1
k=  720 MATCH     pose=(5.53,-1.56,173.4°)  score=0.658  d=(0.043,0.007,-0.007)  inl=199  raw=460  pts=202  di=1
k=  730 MATCH     pose=(5.08,-1.50,170.6°)  score=0.578  d=(-0.002,-0.027,-0.004)  inl=201  raw=561  pts=201  di=1
k=  740 MATCH     pose=(4.61,-1.44,168.6°)  score=0.598  d=(-0.009,0.005,-0.001)  inl=203  raw=574  pts=206  di=1
k=  750 MATCH     pose=(4.58,-1.35,177.0°)  score=0.589  d=(0.007,-0.018,0.006)  inl=205  raw=539  pts=212  di=0
k=  760 MATCH     pose=(4.43,-1.35,176.6°)  score=0.601  d=(0.015,0.003,0.008)  inl=194  raw=506  pts=202  di=1
k=  770 MATCH     pose=(4.03,-1.34,175.2°)  score=0.589  d=(0.015,0.004,0.001)  inl=194  raw=487  pts=200  di=0
k=  780 MATCH     pose=(3.57,-1.33,173.9°)  score=0.543  d=(-0.003,0.001,-0.002)  inl=209  raw=553  pts=213  di=1
k=  790 MATCH     pose=(2.98,-1.33,171.2°)  score=0.623  d=(0.001,0.004,-0.003)  inl=195  raw=539  pts=200  di=1
k=  800 MATCH     pose=(2.47,-1.25,168.5°)  score=0.528  d=(0.013,-0.021,-0.012)  inl=200  raw=579  pts=210  di=1
k=  810 FALLBACK  pose=(2.05,-1.19,166.7°)  score=0.500  d=None  inl=None  raw=596  pts=206  di=1
k=  820 FALLBACK  pose=(2.05,-1.19,166.7°)  score=0.396  d=None  inl=None  raw=601  pts=200  di=1
k=  830 FALLBACK  pose=(2.05,-1.19,166.7°)  score=0.387  d=None  inl=None  raw=597  pts=200  di=1
k=  840 FALLBACK  pose=(2.05,-1.19,166.7°)  score=0.389  d=None  inl=None  raw=571  pts=200  di=1
k=  850 FALLBACK  pose=(2.05,-1.19,166.7°)  score=0.409  d=None  inl=None  raw=601  pts=201  di=0
k=  860 MATCH     pose=(1.23,0.06,159.3°)  score=0.539  d=(0.006,0.009,-0.000)  inl=203  raw=593  pts=205  di=1
k=  870 MATCH     pose=(0.99,0.09,-175.2°)  score=0.775  d=(0.020,-0.007,-0.008)  inl=182  raw=577  pts=202  di=1
k=  880 MATCH     pose=(0.78,0.02,-163.8°)  score=0.802  d=(-0.027,-0.005,-0.004)  inl=182  raw=592  pts=200  di=1
k=  890 MATCH     pose=(0.36,-0.02,179.7°)  score=0.731  d=(0.008,-0.003,-0.010)  inl=182  raw=625  pts=201  di=1
k=  900 MATCH     pose=(-0.06,-0.02,-178.5°)  score=0.835  d=(-0.008,-0.015,-0.001)  inl=176  raw=643  pts=201  di=1
k=  910 MATCH     pose=(-0.51,-0.01,178.7°)  score=0.803  d=(-0.005,-0.018,-0.009)  inl=179  raw=628  pts=201  di=1
k=  920 MATCH     pose=(-0.58,0.03,178.1°)  score=0.922  d=(-0.003,-0.002,0.002)  inl=185  raw=624  pts=207  di=1
k=  930 MATCH     pose=(-0.57,0.05,178.2°)  score=0.948  d=(-0.004,-0.002,0.002)  inl=185  raw=618  pts=206  di=1
k=  940 MATCH     pose=(-0.56,0.07,178.2°)  score=0.953  d=(0.002,-0.001,0.003)  inl=183  raw=628  pts=205  di=1
k=  950 MATCH     pose=(-0.56,0.09,178.2°)  score=0.945  d=(-0.001,-0.006,0.003)  inl=185  raw=628  pts=205  di=1
k=  960 MATCH     pose=(-0.54,0.11,178.0°)  score=0.970  d=(-0.004,-0.002,-0.003)  inl=184  raw=621  pts=206  di=1
k=  970 MATCH     pose=(-0.53,0.12,178.0°)  score=0.978  d=(-0.001,-0.002,0.000)  inl=189  raw=624  pts=211  di=1
k=  980 MATCH     pose=(-0.53,0.13,178.0°)  score=0.958  d=(0.003,-0.003,0.000)  inl=181  raw=629  pts=201  di=0
k=  990 MATCH     pose=(-0.52,0.15,177.9°)  score=0.973  d=(0.001,0.001,-0.001)  inl=180  raw=630  pts=201  di=0
k= 1000 MATCH     pose=(-0.51,0.16,178.1°)  score=0.971  d=(-0.001,0.002,0.002)  inl=182  raw=625  pts=205  di=1
k= 1010 MATCH     pose=(-0.51,0.19,177.9°)  score=0.976  d=(-0.005,-0.005,-0.001)  inl=182  raw=626  pts=203  di=1
k= 1020 MATCH     pose=(-0.50,0.20,177.8°)  score=0.972  d=(-0.002,-0.004,0.002)  inl=184  raw=636  pts=206  di=1
k= 1030 MATCH     pose=(-0.50,0.20,177.8°)  score=0.967  d=(-0.001,0.004,-0.003)  inl=183  raw=626  pts=204  di=1
k= 1040 MATCH     pose=(-0.49,0.23,177.8°)  score=0.966  d=(-0.003,0.000,-0.000)  inl=185  raw=632  pts=206  di=1
k= 1050 MATCH     pose=(-0.48,0.24,177.6°)  score=0.962  d=(-0.001,-0.004,-0.002)  inl=178  raw=633  pts=201  di=1

Wrote trajectory : hector_outputs/trajectory_lab_run_2_raw_scan_to_submap_1052.txt
Wrote debug log  : hector_outputs/trajectory_lab_run_2_raw_scan_to_submap_1052_debug.txt

============================================================
  Submap summary: 4 total  (2 finished, 2 still active)
    submap # 0  FINISHED  scans= 500  origin=(0.00, 0.00)
    submap # 1  FINISHED  scans= 500  origin=(0.00, 0.00)
    submap # 2  ACTIVE    scans= 409  origin=(5.40, -3.14)
    submap # 3  ACTIVE    scans= 159  origin=(1.20, 0.07)
============================================================
